Determining if the pthread_create exist failed with the following output:
Change Dir: /home/rhexlover/ce216project/build/CMakeFiles/CMakeTmp

Run Build Command:/usr/bin/make "cmTryCompileExec4147826106/fast"
/usr/bin/make -f CMakeFiles/cmTryCompileExec4147826106.dir/build.make CMakeFiles/cmTryCompileExec4147826106.dir/build
make[1]: Entering directory `/home/rhexlover/ce216project/build/CMakeFiles/CMakeTmp'
/usr/bin/cmake -E cmake_progress_report /home/rhexlover/ce216project/build/CMakeFiles/CMakeTmp/CMakeFiles 1
Building C object CMakeFiles/cmTryCompileExec4147826106.dir/CheckSymbolExists.c.o
/usr/bin/cc    -o CMakeFiles/cmTryCompileExec4147826106.dir/CheckSymbolExists.c.o   -c /home/rhexlover/ce216project/build/CMakeFiles/CMakeTmp/CheckSymbolExists.c
Linking C executable cmTryCompileExec4147826106
/usr/bin/cmake -E cmake_link_script CMakeFiles/cmTryCompileExec4147826106.dir/link.txt --verbose=1
/usr/bin/cc       CMakeFiles/cmTryCompileExec4147826106.dir/CheckSymbolExists.c.o  -o cmTryCompileExec4147826106 -rdynamic 
CMakeFiles/cmTryCompileExec4147826106.dir/CheckSymbolExists.c.o: In function `main':
CheckSymbolExists.c:(.text+0x16): undefined reference to `pthread_create'
collect2: error: ld returned 1 exit status
make[1]: Leaving directory `/home/rhexlover/ce216project/build/CMakeFiles/CMakeTmp'
make[1]: *** [cmTryCompileExec4147826106] Error 1
make: *** [cmTryCompileExec4147826106/fast] Error 2

File /home/rhexlover/ce216project/build/CMakeFiles/CMakeTmp/CheckSymbolExists.c:
/* */
#include <pthread.h>

int main(int argc, char** argv)
{
  (void)argv;
#ifndef pthread_create
  return ((int*)(&pthread_create))[argc];
#else
  (void)argc;
  return 0;
#endif
}

Determining if the function pthread_create exists in the pthreads failed with the following output:
Change Dir: /home/rhexlover/ce216project/build/CMakeFiles/CMakeTmp

Run Build Command:/usr/bin/make "cmTryCompileExec1855862519/fast"
/usr/bin/make -f CMakeFiles/cmTryCompileExec1855862519.dir/build.make CMakeFiles/cmTryCompileExec1855862519.dir/build
make[1]: Entering directory `/home/rhexlover/ce216project/build/CMakeFiles/CMakeTmp'
/usr/bin/cmake -E cmake_progress_report /home/rhexlover/ce216project/build/CMakeFiles/CMakeTmp/CMakeFiles 1
Building C object CMakeFiles/cmTryCompileExec1855862519.dir/CheckFunctionExists.c.o
/usr/bin/cc   -DCHECK_FUNCTION_EXISTS=pthread_create   -o CMakeFiles/cmTryCompileExec1855862519.dir/CheckFunctionExists.c.o   -c /usr/share/cmake-2.8/Modules/CheckFunctionExists.c
Linking C executable cmTryCompileExec1855862519
/usr/bin/cmake -E cmake_link_script CMakeFiles/cmTryCompileExec1855862519.dir/link.txt --verbose=1
/usr/bin/cc   -DCHECK_FUNCTION_EXISTS=pthread_create    CMakeFiles/cmTryCompileExec1855862519.dir/CheckFunctionExists.c.o  -o cmTryCompileExec1855862519 -rdynamic -lpthreads 
/usr/bin/ld: cannot find -lpthreads
collect2: error: ld returned 1 exit status
make[1]: Leaving directory `/home/rhexlover/ce216project/build/CMakeFiles/CMakeTmp'
make[1]: *** [cmTryCompileExec1855862519] Error 1
make: *** [cmTryCompileExec1855862519/fast] Error 2


